c:\users\zxcvb\downloads\11\gameserver\x64\release\gameserver.pch
c:\users\zxcvb\downloads\11\gameserver\x64\release\vc143.pdb
c:\users\zxcvb\downloads\11\gameserver\x64\release\pch.obj
c:\users\zxcvb\downloads\11\gameserver\x64\release\usermanager.obj
c:\users\zxcvb\downloads\11\gameserver\x64\release\serverpackethandler.obj
c:\users\zxcvb\downloads\11\gameserver\x64\release\room.obj
c:\users\zxcvb\downloads\11\gameserver\x64\release\player.obj
c:\users\zxcvb\downloads\11\gameserver\x64\release\gamesessionmanager.obj
c:\users\zxcvb\downloads\11\gameserver\x64\release\gamesession.obj
c:\users\zxcvb\downloads\11\gameserver\x64\release\gameserver.obj
c:\users\zxcvb\downloads\11\gameserver\x64\release\accountmanager.obj
c:\users\zxcvb\downloads\11\gameserver\x64\release\protocol.pb.obj
c:\users\zxcvb\downloads\11\binary\release\gameserver.exe
c:\users\zxcvb\downloads\11\binary\release\gameserver.pdb
c:\users\zxcvb\downloads\11\gameserver\x64\release\gameserver.ipdb
c:\users\zxcvb\downloads\11\gameserver\x64\release\gameserver.iobj
c:\users\zxcvb\downloads\11\gameserver\x64\release\gameserver.tlog\cl.command.1.tlog
c:\users\zxcvb\downloads\11\gameserver\x64\release\gameserver.tlog\cl.items.tlog
c:\users\zxcvb\downloads\11\gameserver\x64\release\gameserver.tlog\cl.read.1.tlog
c:\users\zxcvb\downloads\11\gameserver\x64\release\gameserver.tlog\cl.write.1.tlog
c:\users\zxcvb\downloads\11\gameserver\x64\release\gameserver.tlog\link.command.1.tlog
c:\users\zxcvb\downloads\11\gameserver\x64\release\gameserver.tlog\link.read.1.tlog
c:\users\zxcvb\downloads\11\gameserver\x64\release\gameserver.tlog\link.secondary.1.tlog
c:\users\zxcvb\downloads\11\gameserver\x64\release\gameserver.tlog\link.write.1.tlog
